<html>
<head>
<title>TestNG:  Default test</title>
<link href="../testng.css" rel="stylesheet" type="text/css" />
<link href="../my-testng.css" rel="stylesheet" type="text/css" />

<style type="text/css">
.log { display: none;} 
.stack-trace { display: none;} 
</style>
<script type="text/javascript">
<!--
function flip(e) {
  current = e.style.display;
  if (current == 'block') {
    e.style.display = 'none';
    return 0;
  }
  else {
    e.style.display = 'block';
    return 1;
  }
}

function toggleBox(szDivId, elem, msg1, msg2)
{
  var res = -1;  if (document.getElementById) {
    res = flip(document.getElementById(szDivId));
  }
  else if (document.all) {
    // this is the way old msie versions work
    res = flip(document.all[szDivId]);
  }
  if(elem) {
    if(res == 0) elem.innerHTML = msg1; else elem.innerHTML = msg2;
  }

}

function toggleAllBoxes() {
  if (document.getElementsByTagName) {
    d = document.getElementsByTagName('div');
    for (i = 0; i < d.length; i++) {
      if (d[i].className == 'log') {
        flip(d[i]);
      }
    }
  }
}

// -->
</script>

</head>
<body>
<h2 align='center'>Default test</h2><table border='1' align="center">
<tr>
<td>Tests passed/Failed/Skipped:</td><td>20/2/0</td>
</tr><tr>
<td>Started on:</td><td>Tue Dec 12 18:22:13 CST 2023</td>
</tr>
<tr><td>Total time:</td><td>408 seconds (408966 ms)</td>
</tr><tr>
<td>Included groups:</td><td></td>
</tr><tr>
<td>Excluded groups:</td><td></td>
</tr>
</table><p/>
<small><i>(Hover the method name to see the test class name)</i></small><p/>
<table width='100%' border='1' class='invocation-failed'>
<tr><td colspan='4' align='center'><b>FAILED TESTS</b></td></tr>
<tr><td><b>Test method</b></td>
<td width="30%"><b>Exception</b></td>
<td width="10%"><b>Time (seconds)</b></td>
<td><b>Instance</b></td>
</tr>
<tr>
<td title='testrunner.Runnerclass.runScenario()'><b>runScenario</b><br>Test class: testrunner.Runnerclass<br>Test method: Runs Cucumber Scenarios<br>Parameters: "Check if the user is able to click on View Guests", "Signup Functionality"</td>
<td><div><pre>java.lang.AssertionError: expected [12-12-2023] but found [12-13-2023]
	at org.testng.Assert.fail(Assert.java:99)
	at org.testng.Assert.failNotEquals(Assert.java:1037)
	at org.testng.Assert.assertEqualsImpl(Assert.java:140)
	at org.testng.Assert.assertEquals(Assert.java:122)
	at org.testng.Assert.assertEquals(Assert.java:629)
	at org.testng.Assert.assertEquals(Assert.java:639)
	at stepdefinitions.Sign_SD.the_user_is_navigated_to_the_view_guests_page_successfully(Sign_SD.java:210)
	at ?.The user is navigated to the View guests page successfully(file:///C:/Users/amitf/eclipse-workspace/Restassured/DtcWebsite/src/test/resources/Features/Signup.feature:53)
</pre></div><a href='#' onClick='toggleBox("stack-trace344418641", this, "Click to show all stack frames", "Click to hide stack frames")'>Click to show all stack frames</a>
<div class='stack-trace' id='stack-trace344418641'><pre>java.lang.AssertionError: expected [12-12-2023] but found [12-13-2023]
	at org.testng.Assert.fail(Assert.java:99)
	at org.testng.Assert.failNotEquals(Assert.java:1037)
	at org.testng.Assert.assertEqualsImpl(Assert.java:140)
	at org.testng.Assert.assertEquals(Assert.java:122)
	at org.testng.Assert.assertEquals(Assert.java:629)
	at org.testng.Assert.assertEquals(Assert.java:639)
	at stepdefinitions.Sign_SD.the_user_is_navigated_to_the_view_guests_page_successfully(Sign_SD.java:210)
	at ?.The user is navigated to the View guests page successfully(file:///C:/Users/amitf/eclipse-workspace/Restassured/DtcWebsite/src/test/resources/Features/Signup.feature:53)
</pre></div></td>
<td>12</td>
<td>testrunner.Runnerclass@50029372</td></tr>
<tr>
<td title='testrunner.Runnerclass.runScenario()'><b>runScenario</b><br>Test class: testrunner.Runnerclass<br>Test method: Runs Cucumber Scenarios<br>Parameters: "Check if the user is able to sign up with empty adult count field", "Signup Functionality"</td>
<td><div><pre>java.lang.AssertionError: The following asserts failed:
	expected [Please make sure all the required fields are completed] but found [null]
	at org.testng.asserts.SoftAssert.assertAll(SoftAssert.java:47)
	at org.testng.asserts.SoftAssert.assertAll(SoftAssert.java:31)
	at stepdefinitions.Sign_SD.the_error_message_to_fill_fields_is_displayed(Sign_SD.java:298)
	at ?.The error message to fill fields is displayed(file:///C:/Users/amitf/eclipse-workspace/Restassured/DtcWebsite/src/test/resources/Features/Signup.feature:85)
</pre></div><a href='#' onClick='toggleBox("stack-trace1579040544", this, "Click to show all stack frames", "Click to hide stack frames")'>Click to show all stack frames</a>
<div class='stack-trace' id='stack-trace1579040544'><pre>java.lang.AssertionError: The following asserts failed:
	expected [Please make sure all the required fields are completed] but found [null]
	at org.testng.asserts.SoftAssert.assertAll(SoftAssert.java:47)
	at org.testng.asserts.SoftAssert.assertAll(SoftAssert.java:31)
	at stepdefinitions.Sign_SD.the_error_message_to_fill_fields_is_displayed(Sign_SD.java:298)
	at ?.The error message to fill fields is displayed(file:///C:/Users/amitf/eclipse-workspace/Restassured/DtcWebsite/src/test/resources/Features/Signup.feature:85)
</pre></div></td>
<td>9</td>
<td>testrunner.Runnerclass@50029372</td></tr>
</table><p>
<table width='100%' border='1' class='invocation-passed'>
<tr><td colspan='4' align='center'><b>PASSED TESTS</b></td></tr>
<tr><td><b>Test method</b></td>
<td width="30%"><b>Exception</b></td>
<td width="10%"><b>Time (seconds)</b></td>
<td><b>Instance</b></td>
</tr>
<tr>
<td title='testrunner.Runnerclass.runScenario()'><b>runScenario</b><br>Test class: testrunner.Runnerclass<br>Test method: Runs Cucumber Scenarios<br>Parameters: "Check if the user is able to view the details in the view guests page", "Signup Functionality"</td>
<td></td>
<td>16</td>
<td>testrunner.Runnerclass@50029372</td></tr>
<tr>
<td title='testrunner.Runnerclass.runScenario()'><b>runScenario</b><br>Test class: testrunner.Runnerclass<br>Test method: Runs Cucumber Scenarios<br>Parameters: "Check if the user is able to click the confirmation box", "Signup Functionality"</td>
<td></td>
<td>10</td>
<td>testrunner.Runnerclass@50029372</td></tr>
<tr>
<td title='testrunner.Runnerclass.runScenario()'><b>runScenario</b><br>Test class: testrunner.Runnerclass<br>Test method: Runs Cucumber Scenarios<br>Parameters: "Check if the user is able to sign up with family intention field empty", "Signup Functionality"</td>
<td></td>
<td>9</td>
<td>testrunner.Runnerclass@50029372</td></tr>
<tr>
<td title='testrunner.Runnerclass.runScenario()'><b>runScenario</b><br>Test class: testrunner.Runnerclass<br>Test method: Runs Cucumber Scenarios<br>Parameters: "Check if the user is able to sign up again", "Signup Functionality"</td>
<td></td>
<td>9</td>
<td>testrunner.Runnerclass@50029372</td></tr>
<tr>
<td title='testrunner.Runnerclass.runScenario()'><b>runScenario</b><br>Test class: testrunner.Runnerclass<br>Test method: Runs Cucumber Scenarios<br>Parameters: "Check if the user is able to sign up with empty kids count field", "Signup Functionality"</td>
<td></td>
<td>7</td>
<td>testrunner.Runnerclass@50029372</td></tr>
<tr>
<td title='testrunner.Runnerclass.runScenario()'><b>runScenario</b><br>Test class: testrunner.Runnerclass<br>Test method: Runs Cucumber Scenarios<br>Parameters: "Check if the user is able to sign up with special characters in the repose of souls field", "Signup Functionality"</td>
<td></td>
<td>15</td>
<td>testrunner.Runnerclass@50029372</td></tr>
<tr>
<td title='testrunner.Runnerclass.runScenario()'><b>runScenario</b><br>Test class: testrunner.Runnerclass<br>Test method: Runs Cucumber Scenarios<br>Parameters: "Check if the user is able to sign up for mass", "Signup Functionality"</td>
<td></td>
<td>8</td>
<td>testrunner.Runnerclass@50029372</td></tr>
<tr>
<td title='testrunner.Runnerclass.runScenario()'><b>runScenario</b><br>Test class: testrunner.Runnerclass<br>Test method: Runs Cucumber Scenarios<br>Parameters: "Check if the user is able to sign up with empty family count field", "Signup Functionality"</td>
<td></td>
<td>7</td>
<td>testrunner.Runnerclass@50029372</td></tr>
<tr>
<td title='testrunner.Runnerclass.runScenario()'><b>runScenario</b><br>Test class: testrunner.Runnerclass<br>Test method: Runs Cucumber Scenarios<br>Parameters: "Check if the user is able to click on the email if there is no passcode", "Signup Functionality"</td>
<td></td>
<td>21</td>
<td>testrunner.Runnerclass@50029372</td></tr>
<tr>
<td title='testrunner.Runnerclass.runScenario()'><b>runScenario</b><br>Test class: testrunner.Runnerclass<br>Test method: Runs Cucumber Scenarios<br>Parameters: "Check if the user is able to click the cancel button in confirmation box", "Signup Functionality"</td>
<td></td>
<td>7</td>
<td>testrunner.Runnerclass@50029372</td></tr>
<tr>
<td title='testrunner.Runnerclass.runScenario()'><b>runScenario</b><br>Test class: testrunner.Runnerclass<br>Test method: Runs Cucumber Scenarios<br>Parameters: "Check if the user is able to click sign up", "Signup Functionality"</td>
<td></td>
<td>14</td>
<td>testrunner.Runnerclass@50029372</td></tr>
<tr>
<td title='testrunner.Runnerclass.runScenario()'><b>runScenario</b><br>Test class: testrunner.Runnerclass<br>Test method: Runs Cucumber Scenarios<br>Parameters: "Check if the user is able to sign up with repose of souls field empty", "Signup Functionality"</td>
<td></td>
<td>7</td>
<td>testrunner.Runnerclass@50029372</td></tr>
<tr>
<td title='testrunner.Runnerclass.runScenario()'><b>runScenario</b><br>Test class: testrunner.Runnerclass<br>Test method: Runs Cucumber Scenarios<br>Parameters: "Check if the user is able to sign up with special characters in the family intentions field", "Signup Functionality"</td>
<td></td>
<td>6</td>
<td>testrunner.Runnerclass@50029372</td></tr>
<tr>
<td title='testrunner.Runnerclass.runScenario()'><b>runScenario</b><br>Test class: testrunner.Runnerclass<br>Test method: Runs Cucumber Scenarios<br>Parameters: "Check if the user is able to click on Back to signup page", "Signup Functionality"</td>
<td></td>
<td>9</td>
<td>testrunner.Runnerclass@50029372</td></tr>
<tr>
<td title='testrunner.Runnerclass.runScenario()'><b>runScenario</b><br>Test class: testrunner.Runnerclass<br>Test method: Runs Cucumber Scenarios<br>Parameters: "Check if the user is able to sign up with incorrect passcode", "Signup Functionality"</td>
<td></td>
<td>20</td>
<td>testrunner.Runnerclass@50029372</td></tr>
<tr>
<td title='testrunner.Runnerclass.runScenario()'><b>runScenario</b><br>Test class: testrunner.Runnerclass<br>Test method: Runs Cucumber Scenarios<br>Parameters: "Check if the user is able to sign up with special characters in the thanksgiving field", "Signup Functionality"</td>
<td></td>
<td>53</td>
<td>testrunner.Runnerclass@50029372</td></tr>
<tr>
<td title='testrunner.Runnerclass.runScenario()'><b>runScenario</b><br>Test class: testrunner.Runnerclass<br>Test method: Runs Cucumber Scenarios<br>Parameters: "Check if the user is able to sign up with empty name field", "Signup Functionality"</td>
<td></td>
<td>6</td>
<td>testrunner.Runnerclass@50029372</td></tr>
<tr>
<td title='testrunner.Runnerclass.runScenario()'><b>runScenario</b><br>Test class: testrunner.Runnerclass<br>Test method: Runs Cucumber Scenarios<br>Parameters: "Check if the user is able to sign up with empty attend field", "Signup Functionality"</td>
<td></td>
<td>7</td>
<td>testrunner.Runnerclass@50029372</td></tr>
<tr>
<td title='testrunner.Runnerclass.runScenario()'><b>runScenario</b><br>Test class: testrunner.Runnerclass<br>Test method: Runs Cucumber Scenarios<br>Parameters: "Check if the user is able to click on success pop up window", "Signup Functionality"</td>
<td></td>
<td>104</td>
<td>testrunner.Runnerclass@50029372</td></tr>
<tr>
<td title='testrunner.Runnerclass.runScenario()'><b>runScenario</b><br>Test class: testrunner.Runnerclass<br>Test method: Runs Cucumber Scenarios<br>Parameters: "Check if the user is able to sign up with thanksgiving field empty", "Signup Functionality"</td>
<td></td>
<td>36</td>
<td>testrunner.Runnerclass@50029372</td></tr>
</table><p>
</body>
</html>