{"uuid":"8291a47d-5ec1-42f7-8875-baaa89c3a150","historyId":"725036d4551c8e4c10415b31f2d8fc22","fullName":"src/test/resources/Features/Signup.feature:75","labels":[{"name":"tag","value":"tag"},{"name":"tag","value":"negativeesignup4"},{"name":"host","value":"DESKTOP-JSLH211"},{"name":"thread","value":"35184@DESKTOP-JSLH211.main(1)"},{"name":"feature","value":"Signup Functionality"},{"name":"story","value":"Check if the user is able to sign up with empty family count field"},{"name":"suite","value":"Signup Functionality"},{"name":"testClass","value":"Check if the user is able to sign up with empty family count field"},{"name":"framework","value":"cucumber4jvm"},{"name":"language","value":"java"},{"name":"gherkin_uri","value":"file:///C:/Users/amitf/eclipse-workspace/Restassured/DtcWebsite/src/test/resources/Features/Signup.feature"},{"name":"package","value":"src.test.resources.Features.Signup_feature.Signup Functionality"}],"links":[],"name":"Check if the user is able to sign up with empty family count field","status":"broken","statusDetails":{"known":false,"muted":false,"flaky":false,"message":"no such window: target window already closed\nfrom unknown error: web view not found\n  (Session info: chrome=120.0.6099.71)\nBuild info: version: '4.12.1', revision: '8e34639b11'\nSystem info: os.name: 'Windows 10', os.arch: 'amd64', os.version: '10.0', java.version: '17.0.2'\nDriver info: org.openqa.selenium.chrome.ChromeDriver\nCommand: [d715901a933dd09e5580affbd8b0226b, getCurrentWindowHandle {}]\nCapabilities {acceptInsecureCerts: false, browserName: chrome, browserVersion: 120.0.6099.71, chrome: {chromedriverVersion: 120.0.6099.71 (9729082fe617..., userDataDir: C:\\Users\\amitf\\AppData\\Loca...}, fedcm:accounts: true, goog:chromeOptions: {debuggerAddress: localhost:53349}, networkConnectionEnabled: false, pageLoadStrategy: normal, platformName: windows, proxy: Proxy(), se:cdp: ws://localhost:53349/devtoo..., se:cdpVersion: 120.0.6099.71, setWindowRect: true, strictFileInteractability: false, timeouts: {implicit: 0, pageLoad: 300000, script: 30000}, unhandledPromptBehavior: dismiss and notify, webauthn:extension:credBlob: true, webauthn:extension:largeBlob: true, webauthn:extension:minPinLength: true, webauthn:extension:prf: true, webauthn:virtualAuthenticators: true}\nSession ID: d715901a933dd09e5580affbd8b0226b","trace":"org.openqa.selenium.NoSuchWindowException: no such window: target window already closed\nfrom unknown error: web view not found\n  (Session info: chrome=120.0.6099.71)\nBuild info: version: '4.12.1', revision: '8e34639b11'\nSystem info: os.name: 'Windows 10', os.arch: 'amd64', os.version: '10.0', java.version: '17.0.2'\nDriver info: org.openqa.selenium.chrome.ChromeDriver\nCommand: [d715901a933dd09e5580affbd8b0226b, getCurrentWindowHandle {}]\nCapabilities {acceptInsecureCerts: false, browserName: chrome, browserVersion: 120.0.6099.71, chrome: {chromedriverVersion: 120.0.6099.71 (9729082fe617..., userDataDir: C:\\Users\\amitf\\AppData\\Loca...}, fedcm:accounts: true, goog:chromeOptions: {debuggerAddress: localhost:53349}, networkConnectionEnabled: false, pageLoadStrategy: normal, platformName: windows, proxy: Proxy(), se:cdp: ws://localhost:53349/devtoo..., se:cdpVersion: 120.0.6099.71, setWindowRect: true, strictFileInteractability: false, timeouts: {implicit: 0, pageLoad: 300000, script: 30000}, unhandledPromptBehavior: dismiss and notify, webauthn:extension:credBlob: true, webauthn:extension:largeBlob: true, webauthn:extension:minPinLength: true, webauthn:extension:prf: true, webauthn:virtualAuthenticators: true}\nSession ID: d715901a933dd09e5580affbd8b0226b\r\n\tat java.base/jdk.internal.reflect.NativeConstructorAccessorImpl.newInstance0(Native Method)\r\n\tat java.base/jdk.internal.reflect.NativeConstructorAccessorImpl.newInstance(NativeConstructorAccessorImpl.java:77)\r\n\tat java.base/jdk.internal.reflect.DelegatingConstructorAccessorImpl.newInstance(DelegatingConstructorAccessorImpl.java:45)\r\n\tat java.base/java.lang.reflect.Constructor.newInstanceWithCaller(Constructor.java:499)\r\n\tat java.base/java.lang.reflect.Constructor.newInstance(Constructor.java:480)\r\n\tat org.openqa.selenium.remote.codec.w3c.W3CHttpResponseCodec.createException(W3CHttpResponseCodec.java:200)\r\n\tat org.openqa.selenium.remote.codec.w3c.W3CHttpResponseCodec.decode(W3CHttpResponseCodec.java:133)\r\n\tat org.openqa.selenium.remote.codec.w3c.W3CHttpResponseCodec.decode(W3CHttpResponseCodec.java:52)\r\n\tat org.openqa.selenium.remote.HttpCommandExecutor.execute(HttpCommandExecutor.java:191)\r\n\tat org.openqa.selenium.remote.service.DriverCommandExecutor.invokeExecute(DriverCommandExecutor.java:196)\r\n\tat org.openqa.selenium.remote.service.DriverCommandExecutor.execute(DriverCommandExecutor.java:171)\r\n\tat org.openqa.selenium.remote.RemoteWebDriver.execute(RemoteWebDriver.java:602)\r\n\tat org.openqa.selenium.remote.RemoteWebDriver.execute(RemoteWebDriver.java:675)\r\n\tat org.openqa.selenium.remote.RemoteWebDriver.execute(RemoteWebDriver.java:679)\r\n\tat org.openqa.selenium.remote.RemoteWebDriver.getWindowHandle(RemoteWebDriver.java:459)\r\n\tat pages.Signup_pom.clicktamilsignup(Signup_pom.java:87)\r\n\tat stepdefinitions.Sign_SD.the_user_is_in_the_sign_up_page(Sign_SD.java:71)\r\n\tat ✽.The user is in the sign up page(file:///C:/Users/amitf/eclipse-workspace/Restassured/DtcWebsite/src/test/resources/Features/Signup.feature:76)\r\n"},"stage":"finished","steps":[{"name":"Given  The user is in the sign up page","status":"broken","statusDetails":{"known":false,"muted":false,"flaky":false,"message":"no such window: target window already closed\nfrom unknown error: web view not found\n  (Session info: chrome=120.0.6099.71)\nBuild info: version: '4.12.1', revision: '8e34639b11'\nSystem info: os.name: 'Windows 10', os.arch: 'amd64', os.version: '10.0', java.version: '17.0.2'\nDriver info: org.openqa.selenium.chrome.ChromeDriver\nCommand: [d715901a933dd09e5580affbd8b0226b, getCurrentWindowHandle {}]\nCapabilities {acceptInsecureCerts: false, browserName: chrome, browserVersion: 120.0.6099.71, chrome: {chromedriverVersion: 120.0.6099.71 (9729082fe617..., userDataDir: C:\\Users\\amitf\\AppData\\Loca...}, fedcm:accounts: true, goog:chromeOptions: {debuggerAddress: localhost:53349}, networkConnectionEnabled: false, pageLoadStrategy: normal, platformName: windows, proxy: Proxy(), se:cdp: ws://localhost:53349/devtoo..., se:cdpVersion: 120.0.6099.71, setWindowRect: true, strictFileInteractability: false, timeouts: {implicit: 0, pageLoad: 300000, script: 30000}, unhandledPromptBehavior: dismiss and notify, webauthn:extension:credBlob: true, webauthn:extension:largeBlob: true, webauthn:extension:minPinLength: true, webauthn:extension:prf: true, webauthn:virtualAuthenticators: true}\nSession ID: d715901a933dd09e5580affbd8b0226b","trace":"org.openqa.selenium.NoSuchWindowException: no such window: target window already closed\nfrom unknown error: web view not found\n  (Session info: chrome=120.0.6099.71)\nBuild info: version: '4.12.1', revision: '8e34639b11'\nSystem info: os.name: 'Windows 10', os.arch: 'amd64', os.version: '10.0', java.version: '17.0.2'\nDriver info: org.openqa.selenium.chrome.ChromeDriver\nCommand: [d715901a933dd09e5580affbd8b0226b, getCurrentWindowHandle {}]\nCapabilities {acceptInsecureCerts: false, browserName: chrome, browserVersion: 120.0.6099.71, chrome: {chromedriverVersion: 120.0.6099.71 (9729082fe617..., userDataDir: C:\\Users\\amitf\\AppData\\Loca...}, fedcm:accounts: true, goog:chromeOptions: {debuggerAddress: localhost:53349}, networkConnectionEnabled: false, pageLoadStrategy: normal, platformName: windows, proxy: Proxy(), se:cdp: ws://localhost:53349/devtoo..., se:cdpVersion: 120.0.6099.71, setWindowRect: true, strictFileInteractability: false, timeouts: {implicit: 0, pageLoad: 300000, script: 30000}, unhandledPromptBehavior: dismiss and notify, webauthn:extension:credBlob: true, webauthn:extension:largeBlob: true, webauthn:extension:minPinLength: true, webauthn:extension:prf: true, webauthn:virtualAuthenticators: true}\nSession ID: d715901a933dd09e5580affbd8b0226b\r\n\tat java.base/jdk.internal.reflect.NativeConstructorAccessorImpl.newInstance0(Native Method)\r\n\tat java.base/jdk.internal.reflect.NativeConstructorAccessorImpl.newInstance(NativeConstructorAccessorImpl.java:77)\r\n\tat java.base/jdk.internal.reflect.DelegatingConstructorAccessorImpl.newInstance(DelegatingConstructorAccessorImpl.java:45)\r\n\tat java.base/java.lang.reflect.Constructor.newInstanceWithCaller(Constructor.java:499)\r\n\tat java.base/java.lang.reflect.Constructor.newInstance(Constructor.java:480)\r\n\tat org.openqa.selenium.remote.codec.w3c.W3CHttpResponseCodec.createException(W3CHttpResponseCodec.java:200)\r\n\tat org.openqa.selenium.remote.codec.w3c.W3CHttpResponseCodec.decode(W3CHttpResponseCodec.java:133)\r\n\tat org.openqa.selenium.remote.codec.w3c.W3CHttpResponseCodec.decode(W3CHttpResponseCodec.java:52)\r\n\tat org.openqa.selenium.remote.HttpCommandExecutor.execute(HttpCommandExecutor.java:191)\r\n\tat org.openqa.selenium.remote.service.DriverCommandExecutor.invokeExecute(DriverCommandExecutor.java:196)\r\n\tat org.openqa.selenium.remote.service.DriverCommandExecutor.execute(DriverCommandExecutor.java:171)\r\n\tat org.openqa.selenium.remote.RemoteWebDriver.execute(RemoteWebDriver.java:602)\r\n\tat org.openqa.selenium.remote.RemoteWebDriver.execute(RemoteWebDriver.java:675)\r\n\tat org.openqa.selenium.remote.RemoteWebDriver.execute(RemoteWebDriver.java:679)\r\n\tat org.openqa.selenium.remote.RemoteWebDriver.getWindowHandle(RemoteWebDriver.java:459)\r\n\tat pages.Signup_pom.clicktamilsignup(Signup_pom.java:87)\r\n\tat stepdefinitions.Sign_SD.the_user_is_in_the_sign_up_page(Sign_SD.java:71)\r\n\tat ✽.The user is in the sign up page(file:///C:/Users/amitf/eclipse-workspace/Restassured/DtcWebsite/src/test/resources/Features/Signup.feature:76)\r\n"},"stage":"finished","steps":[],"attachments":[],"parameters":[],"start":1702426835631,"stop":1702426835669},{"name":"When  The user enters details in the sign up page leaving family count field unselected","status":"skipped","statusDetails":{"known":false,"muted":false,"flaky":false},"stage":"finished","steps":[],"attachments":[],"parameters":[],"start":1702426835675,"stop":1702426835678},{"name":"And  The user clicks on submit button","status":"skipped","statusDetails":{"known":false,"muted":false,"flaky":false},"stage":"finished","steps":[],"attachments":[],"parameters":[],"start":1702426835682,"stop":1702426835683},{"name":"Then  The error message to fill fields is displayed","status":"skipped","statusDetails":{"known":false,"muted":false,"flaky":false},"stage":"finished","steps":[],"attachments":[],"parameters":[],"start":1702426835684,"stop":1702426835685}],"attachments":[],"parameters":[],"start":1702426825994,"stop":1702426835722}