{"uuid":"a7fd8ff2-4726-467a-b5b5-66ccd9c365e5","historyId":"ee47ffe8376daed3ba35fccbf1a10836","fullName":"src/test/resources/Features/Signup.feature:81","labels":[{"name":"tag","value":"tag"},{"name":"tag","value":"negativeesignup5"},{"name":"host","value":"DESKTOP-JSLH211"},{"name":"thread","value":"38272@DESKTOP-JSLH211.main(1)"},{"name":"feature","value":"Signup Functionality"},{"name":"story","value":"Check if the user is able to sign up with empty adult count field"},{"name":"suite","value":"Signup Functionality"},{"name":"testClass","value":"Check if the user is able to sign up with empty adult count field"},{"name":"framework","value":"cucumber4jvm"},{"name":"language","value":"java"},{"name":"gherkin_uri","value":"file:///C:/Users/amitf/eclipse-workspace/Restassured/DtcWebsite/src/test/resources/Features/Signup.feature"},{"name":"package","value":"src.test.resources.Features.Signup_feature.Signup Functionality"}],"links":[],"name":"Check if the user is able to sign up with empty adult count field","status":"failed","statusDetails":{"known":false,"muted":false,"flaky":false,"message":"The following asserts failed:\n\texpected [Please make sure all the required fields are completed] but found [null]","trace":"java.lang.AssertionError: The following asserts failed:\n\texpected [Please make sure all the required fields are completed] but found [null]\r\n\tat org.testng.asserts.SoftAssert.assertAll(SoftAssert.java:46)\r\n\tat org.testng.asserts.SoftAssert.assertAll(SoftAssert.java:30)\r\n\tat stepdefinitions.Sign_SD.the_error_message_to_fill_fields_is_displayed(Sign_SD.java:298)\r\n\tat ✽.The error message to fill fields is displayed(file:///C:/Users/amitf/eclipse-workspace/Restassured/DtcWebsite/src/test/resources/Features/Signup.feature:85)\r\n"},"stage":"finished","steps":[{"name":"Given  The user is in the sign up page","status":"passed","statusDetails":{"known":false,"muted":false,"flaky":false},"stage":"finished","steps":[],"attachments":[],"parameters":[],"start":1702441973992,"stop":1702441975332},{"name":"When  The user enters details in the sign up page leaving adult count field unselected","status":"passed","statusDetails":{"known":false,"muted":false,"flaky":false},"stage":"finished","steps":[],"attachments":[],"parameters":[],"start":1702441975332,"stop":1702441976349},{"name":"And  The user clicks on submit button","status":"passed","statusDetails":{"known":false,"muted":false,"flaky":false},"stage":"finished","steps":[],"attachments":[],"parameters":[],"start":1702441976349,"stop":1702441976439},{"name":"Then  The error message to fill fields is displayed","status":"failed","statusDetails":{"known":false,"muted":false,"flaky":false,"message":"The following asserts failed:\n\texpected [Please make sure all the required fields are completed] but found [null]","trace":"java.lang.AssertionError: The following asserts failed:\n\texpected [Please make sure all the required fields are completed] but found [null]\r\n\tat org.testng.asserts.SoftAssert.assertAll(SoftAssert.java:46)\r\n\tat org.testng.asserts.SoftAssert.assertAll(SoftAssert.java:30)\r\n\tat stepdefinitions.Sign_SD.the_error_message_to_fill_fields_is_displayed(Sign_SD.java:298)\r\n\tat ✽.The error message to fill fields is displayed(file:///C:/Users/amitf/eclipse-workspace/Restassured/DtcWebsite/src/test/resources/Features/Signup.feature:85)\r\n"},"stage":"finished","steps":[],"attachments":[],"parameters":[],"start":1702441976439,"stop":1702441976449}],"attachments":[],"parameters":[],"start":1702441967117,"stop":1702441976630}