{
  "uid" : "59bd5b018ba3d10c",
  "name" : "Check if the user is able to sign up with empty adult count field",
  "fullName" : "src/test/resources/Features/Signup.feature:81",
  "historyId" : "ee47ffe8376daed3ba35fccbf1a10836",
  "time" : {
    "start" : 1702427182704,
    "stop" : 1702427191885,
    "duration" : 9181
  },
  "status" : "failed",
  "statusMessage" : "The following asserts failed:\n\texpected [Please make sure all the required fields are completed] but found [null]",
  "statusTrace" : "java.lang.AssertionError: The following asserts failed:\n\texpected [Please make sure all the required fields are completed] but found [null]\r\n\tat org.testng.asserts.SoftAssert.assertAll(SoftAssert.java:47)\r\n\tat org.testng.asserts.SoftAssert.assertAll(SoftAssert.java:31)\r\n\tat stepdefinitions.Sign_SD.the_error_message_to_fill_fields_is_displayed(Sign_SD.java:298)\r\n\tat ✽.The error message to fill fields is displayed(file:///C:/Users/amitf/eclipse-workspace/Restassured/DtcWebsite/src/test/resources/Features/Signup.feature:85)\r\n",
  "flaky" : false,
  "newFailed" : false,
  "beforeStages" : [ {
    "name" : "stepdefinitions.Hooks.initializeWebdriver()",
    "time" : {
      "start" : 1702427182705,
      "stop" : 1702427189420,
      "duration" : 6715
    },
    "status" : "passed",
    "steps" : [ ],
    "attachments" : [ ],
    "parameters" : [ ],
    "shouldDisplayMessage" : false,
    "attachmentsCount" : 0,
    "stepsCount" : 0,
    "hasContent" : false
  } ],
  "testStage" : {
    "status" : "failed",
    "statusMessage" : "The following asserts failed:\n\texpected [Please make sure all the required fields are completed] but found [null]",
    "statusTrace" : "java.lang.AssertionError: The following asserts failed:\n\texpected [Please make sure all the required fields are completed] but found [null]\r\n\tat org.testng.asserts.SoftAssert.assertAll(SoftAssert.java:47)\r\n\tat org.testng.asserts.SoftAssert.assertAll(SoftAssert.java:31)\r\n\tat stepdefinitions.Sign_SD.the_error_message_to_fill_fields_is_displayed(Sign_SD.java:298)\r\n\tat ✽.The error message to fill fields is displayed(file:///C:/Users/amitf/eclipse-workspace/Restassured/DtcWebsite/src/test/resources/Features/Signup.feature:85)\r\n",
    "steps" : [ {
      "name" : "Given  The user is in the sign up page",
      "time" : {
        "start" : 1702427189421,
        "stop" : 1702427190402,
        "duration" : 981
      },
      "status" : "passed",
      "steps" : [ ],
      "attachments" : [ ],
      "parameters" : [ ],
      "shouldDisplayMessage" : false,
      "attachmentsCount" : 0,
      "stepsCount" : 0,
      "hasContent" : false
    }, {
      "name" : "When  The user enters details in the sign up page leaving adult count field unselected",
      "time" : {
        "start" : 1702427190402,
        "stop" : 1702427191374,
        "duration" : 972
      },
      "status" : "passed",
      "steps" : [ ],
      "attachments" : [ ],
      "parameters" : [ ],
      "shouldDisplayMessage" : false,
      "attachmentsCount" : 0,
      "stepsCount" : 0,
      "hasContent" : false
    }, {
      "name" : "And  The user clicks on submit button",
      "time" : {
        "start" : 1702427191375,
        "stop" : 1702427191468,
        "duration" : 93
      },
      "status" : "passed",
      "steps" : [ ],
      "attachments" : [ ],
      "parameters" : [ ],
      "shouldDisplayMessage" : false,
      "attachmentsCount" : 0,
      "stepsCount" : 0,
      "hasContent" : false
    }, {
      "name" : "Then  The error message to fill fields is displayed",
      "time" : {
        "start" : 1702427191468,
        "stop" : 1702427191483,
        "duration" : 15
      },
      "status" : "failed",
      "statusMessage" : "The following asserts failed:\n\texpected [Please make sure all the required fields are completed] but found [null]",
      "statusTrace" : "java.lang.AssertionError: The following asserts failed:\n\texpected [Please make sure all the required fields are completed] but found [null]\r\n\tat org.testng.asserts.SoftAssert.assertAll(SoftAssert.java:47)\r\n\tat org.testng.asserts.SoftAssert.assertAll(SoftAssert.java:31)\r\n\tat stepdefinitions.Sign_SD.the_error_message_to_fill_fields_is_displayed(Sign_SD.java:298)\r\n\tat ✽.The error message to fill fields is displayed(file:///C:/Users/amitf/eclipse-workspace/Restassured/DtcWebsite/src/test/resources/Features/Signup.feature:85)\r\n",
      "steps" : [ ],
      "attachments" : [ ],
      "parameters" : [ ],
      "shouldDisplayMessage" : true,
      "attachmentsCount" : 0,
      "stepsCount" : 0,
      "hasContent" : true
    } ],
    "attachments" : [ ],
    "parameters" : [ ],
    "shouldDisplayMessage" : false,
    "attachmentsCount" : 0,
    "stepsCount" : 4,
    "hasContent" : true
  },
  "afterStages" : [ {
    "name" : "stepdefinitions.Hooks.closedriver()",
    "time" : {
      "start" : 1702427191484,
      "stop" : 1702427191884,
      "duration" : 400
    },
    "status" : "passed",
    "steps" : [ ],
    "attachments" : [ ],
    "parameters" : [ ],
    "shouldDisplayMessage" : false,
    "attachmentsCount" : 0,
    "stepsCount" : 0,
    "hasContent" : false
  } ],
  "labels" : [ {
    "name" : "tag",
    "value" : "tag"
  }, {
    "name" : "tag",
    "value" : "negativeesignup5"
  }, {
    "name" : "host",
    "value" : "DESKTOP-JSLH211"
  }, {
    "name" : "thread",
    "value" : "35804@DESKTOP-JSLH211.main(1)"
  }, {
    "name" : "feature",
    "value" : "Signup Functionality"
  }, {
    "name" : "story",
    "value" : "Check if the user is able to sign up with empty adult count field"
  }, {
    "name" : "suite",
    "value" : "Signup Functionality"
  }, {
    "name" : "testClass",
    "value" : "Check if the user is able to sign up with empty adult count field"
  }, {
    "name" : "framework",
    "value" : "cucumber4jvm"
  }, {
    "name" : "language",
    "value" : "java"
  }, {
    "name" : "gherkin_uri",
    "value" : "file:///C:/Users/amitf/eclipse-workspace/Restassured/DtcWebsite/src/test/resources/Features/Signup.feature"
  }, {
    "name" : "package",
    "value" : "src.test.resources.Features.Signup_feature.Signup Functionality"
  }, {
    "name" : "resultFormat",
    "value" : "allure2"
  } ],
  "parameters" : [ ],
  "links" : [ ],
  "hidden" : true,
  "retry" : true,
  "extra" : {
    "categories" : [ ],
    "tags" : [ "negativeesignup5", "tag" ]
  },
  "source" : "59bd5b018ba3d10c.json",
  "parameterValues" : [ ]
}